<?xml version="1.0" encoding="UTF-8" ?>
<testsuites>
<testsuite name="CheckboxWithLabel" errors="0" tests="1" failures="0" time="1.194" timestamp="2015-10-13T12:49:19">
  <testcase classname="CheckboxWithLabel" name="changes the text after click" time="1.189"></testcase>
</testsuite>
</testsuites>